2025-12-29 17:51:28.806 [background-preinit] INFO  org.hibernate.validator.internal.util.Version:21 - HV000001: Hibernate Validator 8.0.3.Final
2025-12-29 17:51:28.956 [main] INFO  org.jeecg.JeecgGatewayApplication:53 - Starting JeecgGatewayApplication using Java 17.0.17 with PID 76216 (D:\software\jeecgboot\JeecgBoot-3.9.0\jeecg-boot\jeecg-server-cloud\jeecg-cloud-gateway\target\classes started by s1362 in D:\software\jeecgboot\JeecgBoot-3.9.0\jeecg-boot)
2025-12-29 17:51:28.957 [main] INFO  org.jeecg.JeecgGatewayApplication:652 - No active profile set, falling back to 1 default profile: "default"
2025-12-29 17:51:29.013 [main] INFO  c.a.cloud.nacos.configdata.NacosConfigDataLoader:68 - [Nacos Config] Load config[dataId=jeecg-gateway-dev.yaml, group=DEFAULT_GROUP] success
2025-12-29 17:51:30.609 [main] INFO  o.s.d.r.config.RepositoryConfigurationDelegate:294 - Multiple Spring Data modules found, entering strict repository configuration mode
2025-12-29 17:51:30.614 [main] INFO  o.s.d.r.config.RepositoryConfigurationDelegate:145 - Bootstrapping Spring Data Redis repositories in DEFAULT mode.
2025-12-29 17:51:30.659 [main] INFO  o.s.d.r.config.RepositoryConfigurationDelegate:213 - Finished Spring Data repository scanning in 23 ms. Found 0 Redis repository interfaces.
2025-12-29 17:51:30.882 [main] INFO  o.springframework.cloud.context.scope.GenericScope:280 - BeanFactory id=46fa0903-526c-3910-9354-3b5d8e6c77f8
2025-12-29 17:51:33.253 [main] INFO  o.s.c.gateway.route.RouteDefinitionRouteLocator:89 - Loaded RoutePredicateFactory [After]
2025-12-29 17:51:33.254 [main] INFO  o.s.c.gateway.route.RouteDefinitionRouteLocator:89 - Loaded RoutePredicateFactory [Before]
2025-12-29 17:51:33.255 [main] INFO  o.s.c.gateway.route.RouteDefinitionRouteLocator:89 - Loaded RoutePredicateFactory [Between]
2025-12-29 17:51:33.255 [main] INFO  o.s.c.gateway.route.RouteDefinitionRouteLocator:89 - Loaded RoutePredicateFactory [Cookie]
2025-12-29 17:51:33.255 [main] INFO  o.s.c.gateway.route.RouteDefinitionRouteLocator:89 - Loaded RoutePredicateFactory [Header]
2025-12-29 17:51:33.255 [main] INFO  o.s.c.gateway.route.RouteDefinitionRouteLocator:89 - Loaded RoutePredicateFactory [Host]
2025-12-29 17:51:33.256 [main] INFO  o.s.c.gateway.route.RouteDefinitionRouteLocator:89 - Loaded RoutePredicateFactory [Method]
2025-12-29 17:51:33.256 [main] INFO  o.s.c.gateway.route.RouteDefinitionRouteLocator:89 - Loaded RoutePredicateFactory [Path]
2025-12-29 17:51:33.256 [main] INFO  o.s.c.gateway.route.RouteDefinitionRouteLocator:89 - Loaded RoutePredicateFactory [Query]
2025-12-29 17:51:33.256 [main] INFO  o.s.c.gateway.route.RouteDefinitionRouteLocator:89 - Loaded RoutePredicateFactory [ReadBody]
2025-12-29 17:51:33.256 [main] INFO  o.s.c.gateway.route.RouteDefinitionRouteLocator:89 - Loaded RoutePredicateFactory [RemoteAddr]
2025-12-29 17:51:33.256 [main] INFO  o.s.c.gateway.route.RouteDefinitionRouteLocator:89 - Loaded RoutePredicateFactory [XForwardedRemoteAddr]
2025-12-29 17:51:33.256 [main] INFO  o.s.c.gateway.route.RouteDefinitionRouteLocator:89 - Loaded RoutePredicateFactory [Weight]
2025-12-29 17:51:33.256 [main] INFO  o.s.c.gateway.route.RouteDefinitionRouteLocator:89 - Loaded RoutePredicateFactory [CloudFoundryRouteService]
2025-12-29 17:51:33.297 [main] INFO  org.jeecg.common.modules.redis.config.RedisConfig:77 -  --- redis config init ---，耗时: 27ms
2025-12-29 17:51:33.969 [main] INFO  c.a.c.s.gateway.scg.SentinelSCGAutoConfiguration:143 - [Sentinel SpringCloudGateway] register SentinelGatewayFilter with order: -2147483648
2025-12-29 17:51:34.271 [main] INFO  o.s.b.actuate.endpoint.web.EndpointLinksResolver:60 - Exposing 1 endpoint beneath base path '/actuator'
2025-12-29 17:51:34.366 [main] INFO  c.a.c.s.gateway.scg.SentinelSCGAutoConfiguration:133 - [Sentinel SpringCloudGateway] register SentinelGatewayBlockExceptionHandler
2025-12-29 17:51:34.734 [main] INFO  c.a.n.p.auth.spi.client.ClientAuthPluginManager:56 - [ClientAuthPluginManager] Load ClientAuthService com.alibaba.nacos.client.auth.impl.NacosClientAuthServiceImpl success.
2025-12-29 17:51:34.734 [main] INFO  c.a.n.p.auth.spi.client.ClientAuthPluginManager:56 - [ClientAuthPluginManager] Load ClientAuthService com.alibaba.nacos.client.auth.ram.RamClientAuthServiceImpl success.
2025-12-29 17:51:35.211 [main] INFO  c.a.c.s.datasource.converter.SentinelConverter:79 - converter can not convert rules because source is empty
2025-12-29 17:51:35.232 [main] INFO  c.a.n.p.auth.spi.client.ClientAuthPluginManager:56 - [ClientAuthPluginManager] Load ClientAuthService com.alibaba.nacos.client.auth.impl.NacosClientAuthServiceImpl success.
2025-12-29 17:51:35.232 [main] INFO  c.a.n.p.auth.spi.client.ClientAuthPluginManager:56 - [ClientAuthPluginManager] Load ClientAuthService com.alibaba.nacos.client.auth.ram.RamClientAuthServiceImpl success.
2025-12-29 17:51:35.697 [main] INFO  c.a.c.s.datasource.converter.SentinelConverter:79 - converter can not convert rules because source is empty
2025-12-29 17:51:35.703 [main] INFO  c.a.n.p.auth.spi.client.ClientAuthPluginManager:56 - [ClientAuthPluginManager] Load ClientAuthService com.alibaba.nacos.client.auth.impl.NacosClientAuthServiceImpl success.
2025-12-29 17:51:35.703 [main] INFO  c.a.n.p.auth.spi.client.ClientAuthPluginManager:56 - [ClientAuthPluginManager] Load ClientAuthService com.alibaba.nacos.client.auth.ram.RamClientAuthServiceImpl success.
2025-12-29 17:51:36.176 [main] INFO  c.a.c.s.datasource.converter.SentinelConverter:79 - converter can not convert rules because source is empty
2025-12-29 17:51:36.190 [main] INFO  c.a.n.p.auth.spi.client.ClientAuthPluginManager:56 - [ClientAuthPluginManager] Load ClientAuthService com.alibaba.nacos.client.auth.impl.NacosClientAuthServiceImpl success.
2025-12-29 17:51:36.190 [main] INFO  c.a.n.p.auth.spi.client.ClientAuthPluginManager:56 - [ClientAuthPluginManager] Load ClientAuthService com.alibaba.nacos.client.auth.ram.RamClientAuthServiceImpl success.
2025-12-29 17:51:36.640 [main] INFO  c.a.c.s.datasource.converter.SentinelConverter:79 - converter can not convert rules because source is empty
2025-12-29 17:51:36.652 [main] INFO  c.a.n.p.auth.spi.client.ClientAuthPluginManager:56 - [ClientAuthPluginManager] Load ClientAuthService com.alibaba.nacos.client.auth.impl.NacosClientAuthServiceImpl success.
2025-12-29 17:51:36.653 [main] INFO  c.a.n.p.auth.spi.client.ClientAuthPluginManager:56 - [ClientAuthPluginManager] Load ClientAuthService com.alibaba.nacos.client.auth.ram.RamClientAuthServiceImpl success.
2025-12-29 17:51:37.107 [main] INFO  c.a.c.s.datasource.converter.SentinelConverter:79 - converter can not convert rules because source is empty
2025-12-29 17:51:37.113 [main] INFO  c.a.n.p.auth.spi.client.ClientAuthPluginManager:56 - [ClientAuthPluginManager] Load ClientAuthService com.alibaba.nacos.client.auth.impl.NacosClientAuthServiceImpl success.
2025-12-29 17:51:37.113 [main] INFO  c.a.n.p.auth.spi.client.ClientAuthPluginManager:56 - [ClientAuthPluginManager] Load ClientAuthService com.alibaba.nacos.client.auth.ram.RamClientAuthServiceImpl success.
2025-12-29 17:51:37.574 [main] INFO  c.a.c.s.datasource.converter.SentinelConverter:79 - converter can not convert rules because source is empty
2025-12-29 17:51:37.580 [main] INFO  c.a.n.p.auth.spi.client.ClientAuthPluginManager:56 - [ClientAuthPluginManager] Load ClientAuthService com.alibaba.nacos.client.auth.impl.NacosClientAuthServiceImpl success.
2025-12-29 17:51:37.580 [main] INFO  c.a.n.p.auth.spi.client.ClientAuthPluginManager:56 - [ClientAuthPluginManager] Load ClientAuthService com.alibaba.nacos.client.auth.ram.RamClientAuthServiceImpl success.
2025-12-29 17:51:38.022 [main] INFO  c.a.c.s.datasource.converter.SentinelConverter:79 - converter can not convert rules because source is empty
2025-12-29 17:51:38.234 [main] INFO  o.s.boot.web.embedded.netty.NettyWebServer:126 - Netty started on port 9999 (http)
2025-12-29 17:51:38.718 [main] INFO  c.a.n.p.auth.spi.client.ClientAuthPluginManager:56 - [ClientAuthPluginManager] Load ClientAuthService com.alibaba.nacos.client.auth.impl.NacosClientAuthServiceImpl success.
2025-12-29 17:51:38.719 [main] INFO  c.a.n.p.auth.spi.client.ClientAuthPluginManager:56 - [ClientAuthPluginManager] Load ClientAuthService com.alibaba.nacos.client.auth.ram.RamClientAuthServiceImpl success.
2025-12-29 17:51:39.222 [main] ERROR c.a.cloud.nacos.registry.NacosServiceRegistry:81 - nacos registry, jeecg-gateway register failed...NacosRegistration{nacosDiscoveryProperties=NacosDiscoveryProperties{serverAddr='null', username='******', password='******', endpoint='null', namespace='null', watchDelay=30000, logName='null', service='null', weight=1.0, clusterName='null', group='DEFAULT_GROUP', namingLoadCacheAtStart='false', metadata={}, registerEnabled=true, ip='null', networkInterface='', port=-1, secure=false, accessKey='null', secretKey='null', heartBeatInterval=null, heartBeatTimeout=null, ipDeleteTimeout=null, instanceEnabled=true, ephemeral=true, failureToleranceEnabled=false}, ipDeleteTimeout=null, failFast=true}},
com.alibaba.nacos.api.exception.NacosException: Client not connected, current status:STARTING
	at com.alibaba.nacos.common.remote.client.RpcClient.request(RpcClient.java:645)
	at com.alibaba.nacos.common.remote.client.RpcClient.request(RpcClient.java:624)
	at com.alibaba.nacos.client.naming.remote.gprc.NamingGrpcClientProxy.requestToServer(NamingGrpcClientProxy.java:447)
	at com.alibaba.nacos.client.naming.remote.gprc.NamingGrpcClientProxy.doRegisterService(NamingGrpcClientProxy.java:250)
	at com.alibaba.nacos.client.naming.remote.gprc.NamingGrpcClientProxy.registerServiceForEphemeral(NamingGrpcClientProxy.java:145)
	at com.alibaba.nacos.client.naming.remote.gprc.NamingGrpcClientProxy.registerService(NamingGrpcClientProxy.java:136)
	at com.alibaba.nacos.client.naming.remote.NamingClientProxyDelegate.registerService(NamingClientProxyDelegate.java:95)
	at com.alibaba.nacos.client.naming.NacosNamingService.registerInstance(NacosNamingService.java:158)
	at com.alibaba.cloud.nacos.registry.NacosServiceRegistry.register(NacosServiceRegistry.java:75)
	at org.springframework.cloud.client.serviceregistry.AbstractAutoServiceRegistration.register(AbstractAutoServiceRegistration.java:264)
	at com.alibaba.cloud.nacos.registry.NacosAutoServiceRegistration.register(NacosAutoServiceRegistration.java:81)
	at org.springframework.cloud.client.serviceregistry.AbstractAutoServiceRegistration.start(AbstractAutoServiceRegistration.java:156)
	at org.springframework.cloud.client.serviceregistry.AbstractAutoServiceRegistration.onApplicationEvent(AbstractAutoServiceRegistration.java:119)
	at org.springframework.cloud.client.serviceregistry.AbstractAutoServiceRegistration.onApplicationEvent(AbstractAutoServiceRegistration.java:49)
	at org.springframework.context.event.SimpleApplicationEventMulticaster.doInvokeListener(SimpleApplicationEventMulticaster.java:185)
	at org.springframework.context.event.SimpleApplicationEventMulticaster.invokeListener(SimpleApplicationEventMulticaster.java:178)
	at org.springframework.context.event.SimpleApplicationEventMulticaster.multicastEvent(SimpleApplicationEventMulticaster.java:156)
	at org.springframework.context.support.AbstractApplicationContext.publishEvent(AbstractApplicationContext.java:454)
	at org.springframework.context.support.AbstractApplicationContext.publishEvent(AbstractApplicationContext.java:387)
	at org.springframework.boot.web.reactive.context.WebServerManager.start(WebServerManager.java:57)
	at org.springframework.boot.web.reactive.context.WebServerStartStopLifecycle.start(WebServerStartStopLifecycle.java:41)
	at org.springframework.context.support.DefaultLifecycleProcessor.doStart(DefaultLifecycleProcessor.java:405)
	at org.springframework.context.support.DefaultLifecycleProcessor.doStart(DefaultLifecycleProcessor.java:394)
	at org.springframework.context.support.DefaultLifecycleProcessor$LifecycleGroup.start(DefaultLifecycleProcessor.java:586)
	at java.base/java.lang.Iterable.forEach(Iterable.java:75)
	at org.springframework.context.support.DefaultLifecycleProcessor.startBeans(DefaultLifecycleProcessor.java:364)
	at org.springframework.context.support.DefaultLifecycleProcessor.onRefresh(DefaultLifecycleProcessor.java:310)
	at org.springframework.context.support.AbstractApplicationContext.finishRefresh(AbstractApplicationContext.java:1006)
	at org.springframework.context.support.AbstractApplicationContext.refresh(AbstractApplicationContext.java:630)
	at org.springframework.boot.web.reactive.context.ReactiveWebServerApplicationContext.refresh(ReactiveWebServerApplicationContext.java:66)
	at org.springframework.boot.SpringApplication.refresh(SpringApplication.java:752)
	at org.springframework.boot.SpringApplication.refreshContext(SpringApplication.java:439)
	at org.springframework.boot.SpringApplication.run(SpringApplication.java:318)
	at org.springframework.boot.SpringApplication.run(SpringApplication.java:1361)
	at org.springframework.boot.SpringApplication.run(SpringApplication.java:1350)
	at org.jeecg.JeecgGatewayApplication.main(JeecgGatewayApplication.java:33)
2025-12-29 17:51:41.324 [main] WARN  o.s.b.w.r.c.AnnotationConfigReactiveWebServerApplicationContext:635 - Exception encountered during context initialization - cancelling refresh attempt: org.springframework.context.ApplicationContextException: Failed to start bean 'webServerStartStop'
2025-12-29 17:51:41.348 [main] INFO  o.s.b.a.logging.ConditionEvaluationReportLogger:82 - 

Error starting ApplicationContext. To display the condition evaluation report re-run your application with 'debug' enabled.
2025-12-29 17:51:41.366 [main] ERROR org.springframework.boot.SpringApplication:857 - Application run failed
org.springframework.context.ApplicationContextException: Failed to start bean 'webServerStartStop'
	at org.springframework.context.support.DefaultLifecycleProcessor.doStart(DefaultLifecycleProcessor.java:408)
	at org.springframework.context.support.DefaultLifecycleProcessor.doStart(DefaultLifecycleProcessor.java:394)
	at org.springframework.context.support.DefaultLifecycleProcessor$LifecycleGroup.start(DefaultLifecycleProcessor.java:586)
	at java.base/java.lang.Iterable.forEach(Iterable.java:75)
	at org.springframework.context.support.DefaultLifecycleProcessor.startBeans(DefaultLifecycleProcessor.java:364)
	at org.springframework.context.support.DefaultLifecycleProcessor.onRefresh(DefaultLifecycleProcessor.java:310)
	at org.springframework.context.support.AbstractApplicationContext.finishRefresh(AbstractApplicationContext.java:1006)
	at org.springframework.context.support.AbstractApplicationContext.refresh(AbstractApplicationContext.java:630)
	at org.springframework.boot.web.reactive.context.ReactiveWebServerApplicationContext.refresh(ReactiveWebServerApplicationContext.java:66)
	at org.springframework.boot.SpringApplication.refresh(SpringApplication.java:752)
	at org.springframework.boot.SpringApplication.refreshContext(SpringApplication.java:439)
	at org.springframework.boot.SpringApplication.run(SpringApplication.java:318)
	at org.springframework.boot.SpringApplication.run(SpringApplication.java:1361)
	at org.springframework.boot.SpringApplication.run(SpringApplication.java:1350)
	at org.jeecg.JeecgGatewayApplication.main(JeecgGatewayApplication.java:33)
Caused by: java.lang.reflect.UndeclaredThrowableException: null
	at org.springframework.util.ReflectionUtils.rethrowRuntimeException(ReflectionUtils.java:147)
	at com.alibaba.cloud.nacos.registry.NacosServiceRegistry.register(NacosServiceRegistry.java:83)
	at org.springframework.cloud.client.serviceregistry.AbstractAutoServiceRegistration.register(AbstractAutoServiceRegistration.java:264)
	at com.alibaba.cloud.nacos.registry.NacosAutoServiceRegistration.register(NacosAutoServiceRegistration.java:81)
	at org.springframework.cloud.client.serviceregistry.AbstractAutoServiceRegistration.start(AbstractAutoServiceRegistration.java:156)
	at org.springframework.cloud.client.serviceregistry.AbstractAutoServiceRegistration.onApplicationEvent(AbstractAutoServiceRegistration.java:119)
	at org.springframework.cloud.client.serviceregistry.AbstractAutoServiceRegistration.onApplicationEvent(AbstractAutoServiceRegistration.java:49)
	at org.springframework.context.event.SimpleApplicationEventMulticaster.doInvokeListener(SimpleApplicationEventMulticaster.java:185)
	at org.springframework.context.event.SimpleApplicationEventMulticaster.invokeListener(SimpleApplicationEventMulticaster.java:178)
	at org.springframework.context.event.SimpleApplicationEventMulticaster.multicastEvent(SimpleApplicationEventMulticaster.java:156)
	at org.springframework.context.support.AbstractApplicationContext.publishEvent(AbstractApplicationContext.java:454)
	at org.springframework.context.support.AbstractApplicationContext.publishEvent(AbstractApplicationContext.java:387)
	at org.springframework.boot.web.reactive.context.WebServerManager.start(WebServerManager.java:57)
	at org.springframework.boot.web.reactive.context.WebServerStartStopLifecycle.start(WebServerStartStopLifecycle.java:41)
	at org.springframework.context.support.DefaultLifecycleProcessor.doStart(DefaultLifecycleProcessor.java:405)
	... 14 common frames omitted
Caused by: com.alibaba.nacos.api.exception.NacosException: Client not connected, current status:STARTING
	at com.alibaba.nacos.common.remote.client.RpcClient.request(RpcClient.java:645)
	at com.alibaba.nacos.common.remote.client.RpcClient.request(RpcClient.java:624)
	at com.alibaba.nacos.client.naming.remote.gprc.NamingGrpcClientProxy.requestToServer(NamingGrpcClientProxy.java:447)
	at com.alibaba.nacos.client.naming.remote.gprc.NamingGrpcClientProxy.doRegisterService(NamingGrpcClientProxy.java:250)
	at com.alibaba.nacos.client.naming.remote.gprc.NamingGrpcClientProxy.registerServiceForEphemeral(NamingGrpcClientProxy.java:145)
	at com.alibaba.nacos.client.naming.remote.gprc.NamingGrpcClientProxy.registerService(NamingGrpcClientProxy.java:136)
	at com.alibaba.nacos.client.naming.remote.NamingClientProxyDelegate.registerService(NamingClientProxyDelegate.java:95)
	at com.alibaba.nacos.client.naming.NacosNamingService.registerInstance(NacosNamingService.java:158)
	at com.alibaba.cloud.nacos.registry.NacosServiceRegistry.register(NacosServiceRegistry.java:75)
	... 27 common frames omitted
2025-12-29 17:51:42.288 [Thread-8] WARN  com.alibaba.nacos.common.notify.NotifyCenter:134 - [NotifyCenter] Start destroying Publisher
2025-12-29 17:51:42.288 [Thread-1] WARN  c.alibaba.nacos.common.executor.ThreadPoolManager:54 - [ThreadPoolManager] Start destroying ThreadPool
2025-12-29 17:51:42.288 [Thread-6] WARN  c.alibaba.nacos.common.http.HttpClientBeanHolder:102 - [HttpClientBeanHolder] Start destroying common HttpClient
2025-12-29 17:51:42.288 [Thread-8] WARN  com.alibaba.nacos.common.notify.NotifyCenter:151 - [NotifyCenter] Destruction of the end
2025-12-29 17:51:42.289 [Thread-1] WARN  c.alibaba.nacos.common.executor.ThreadPoolManager:56 - [ThreadPoolManager] Destruction of the end
2025-12-29 17:51:42.289 [Thread-6] WARN  c.alibaba.nacos.common.http.HttpClientBeanHolder:111 - [HttpClientBeanHolder] Destruction of the end
